[2025-10-12 13:11:55,138] [INFO] [common] {"type": "request_start", "user": "allanlondon19452122@gmail.com", "method": "GET", "path": "/", "query_params": {}, "body": {}}
[2025-10-12 13:11:55,152] [INFO] [common] {"type": "request_end", "user": "allanlondon19452122@gmail.com", "method": "GET", "path": "/", "status_code": 404}
[2025-10-12 13:11:55,374] [INFO] [common] {"type": "request_start", "user": "allanlondon19452122@gmail.com", "method": "GET", "path": "/favicon.ico", "query_params": {}, "body": {}}
[2025-10-12 13:11:55,377] [INFO] [common] {"type": "request_end", "user": "allanlondon19452122@gmail.com", "method": "GET", "path": "/favicon.ico", "status_code": 404}
[2025-10-12 13:13:12,042] [INFO] [common] {"type": "request_start", "user": "allanlondon19452122@gmail.com", "method": "GET", "path": "/", "query_params": {}, "body": {}}
[2025-10-12 13:13:12,045] [INFO] [common] {"type": "request_end", "user": "allanlondon19452122@gmail.com", "method": "GET", "path": "/", "status_code": 404}
[2025-10-12 13:13:20,058] [INFO] [common] {"type": "request_start", "user": "allanlondon19452122@gmail.com", "method": "GET", "path": "/admin/", "query_params": {}, "body": {}}
[2025-10-12 13:13:20,141] [INFO] [common] {"type": "request_end", "user": "allanlondon19452122@gmail.com", "method": "GET", "path": "/admin/", "status_code": 200}
[2025-10-12 13:13:31,262] [INFO] [common] {"type": "request_start", "user": "allanlondon19452122@gmail.com", "method": "GET", "path": "/api/docs/", "query_params": {}, "body": {}}
[2025-10-12 13:13:31,288] [INFO] [common] {"type": "request_end", "user": "allanlondon19452122@gmail.com", "method": "GET", "path": "/api/docs/", "status_code": 200}
[2025-10-12 13:13:31,370] [INFO] [common] {"type": "request_start", "user": "allanlondon19452122@gmail.com", "method": "GET", "path": "/api/schema/", "query_params": {}, "body": {}}
[2025-10-12 13:13:31,444] [INFO] [common] {"type": "request_end", "user": "allanlondon19452122@gmail.com", "method": "GET", "path": "/api/schema/", "status_code": 200}
[2025-10-12 13:13:34,383] [INFO] [common] {"type": "request_start", "user": "allanlondon19452122@gmail.com", "method": "GET", "path": "/api/docs/", "query_params": {}, "body": {}}
[2025-10-12 13:13:34,384] [INFO] [common] {"type": "request_end", "user": "allanlondon19452122@gmail.com", "method": "GET", "path": "/api/docs/", "status_code": 200}
[2025-10-12 13:13:34,540] [INFO] [common] {"type": "request_start", "user": "allanlondon19452122@gmail.com", "method": "GET", "path": "/api/schema/", "query_params": {}, "body": {}}
[2025-10-12 13:13:34,585] [INFO] [common] {"type": "request_end", "user": "allanlondon19452122@gmail.com", "method": "GET", "path": "/api/schema/", "status_code": 200}
[2025-10-12 13:14:40,273] [INFO] [common] {"type": "request_start", "user": "allanlondon19452122@gmail.com", "method": "GET", "path": "/.well-known/appspecific/com.chrome.devtools.json", "query_params": {}, "body": {}}
[2025-10-12 13:14:40,276] [INFO] [common] {"type": "request_end", "user": "allanlondon19452122@gmail.com", "method": "GET", "path": "/.well-known/appspecific/com.chrome.devtools.json", "status_code": 404}
[2025-10-12 13:15:45,685] [INFO] [common] {"type": "request_start", "user": "allanlondon19452122@gmail.com", "method": "GET", "path": "/", "query_params": {}, "body": {}}
[2025-10-12 13:15:45,689] [INFO] [common] {"type": "request_end", "user": "allanlondon19452122@gmail.com", "method": "GET", "path": "/", "status_code": 404}
[2025-10-12 13:15:53,345] [INFO] [common] {"type": "request_start", "user": "allanlondon19452122@gmail.com", "method": "GET", "path": "/test-error/", "query_params": {}, "body": {}}
[2025-10-12 13:15:53,346] [ERROR] [common] {"type": "exception", "user": "allanlondon19452122@gmail.com", "method": "GET", "path": "/test-error/", "query_params": {}, "body": {}, "exception": "division by zero", "traceback": "Traceback (most recent call last):\n  File \"E:\\Python\\Lib\\site-packages\\django\\core\\handlers\\base.py\", line 197, in _get_response\n    response = wrapped_callback(request, *callback_args, **callback_kwargs)\n  File \"E:\\2VAKIL\\AloVakil\\common\\views.py\", line 5, in test_error\n    1 / 0\n    ~~^~~\nZeroDivisionError: division by zero\n"}
[2025-10-12 13:15:53,391] [INFO] [common] {"type": "request_end", "user": "allanlondon19452122@gmail.com", "method": "GET", "path": "/test-error/", "status_code": 500}
[2025-10-13 17:56:48,153] [INFO] [common] {"type": "request_start", "user": "allanlondon19452122@gmail.com", "method": "GET", "path": "/", "query_params": {}, "body": {}}
[2025-10-13 17:56:48,167] [INFO] [common] {"type": "request_end", "user": "allanlondon19452122@gmail.com", "method": "GET", "path": "/", "status_code": 404}
[2025-10-13 17:56:48,395] [INFO] [common] {"type": "request_start", "user": "allanlondon19452122@gmail.com", "method": "GET", "path": "/favicon.ico", "query_params": {}, "body": {}}
[2025-10-13 17:56:48,398] [INFO] [common] {"type": "request_end", "user": "allanlondon19452122@gmail.com", "method": "GET", "path": "/favicon.ico", "status_code": 404}
[2025-10-13 17:56:50,047] [INFO] [common] {"type": "request_start", "user": "allanlondon19452122@gmail.com", "method": "GET", "path": "/", "query_params": {}, "body": {}}
[2025-10-13 17:56:50,050] [INFO] [common] {"type": "request_end", "user": "allanlondon19452122@gmail.com", "method": "GET", "path": "/", "status_code": 404}
[2025-10-13 17:57:10,548] [INFO] [common] {"type": "request_start", "user": "allanlondon19452122@gmail.com", "method": "GET", "path": "/categories/", "query_params": {}, "body": {}}
[2025-10-13 17:57:10,676] [INFO] [common] {"type": "request_end", "user": "allanlondon19452122@gmail.com", "method": "GET", "path": "/categories/", "status_code": 200}
[2025-10-13 18:05:12,879] [INFO] [common] {"type": "request_start", "user": "allanlondon19452122@gmail.com", "method": "GET", "path": "/", "query_params": {}, "body": {}}
[2025-10-13 18:05:12,882] [INFO] [common] {"type": "request_end", "user": "allanlondon19452122@gmail.com", "method": "GET", "path": "/", "status_code": 404}
[2025-10-13 18:05:14,181] [INFO] [common] {"type": "request_start", "user": "allanlondon19452122@gmail.com", "method": "GET", "path": "/", "query_params": {}, "body": {}}
[2025-10-13 18:05:14,183] [INFO] [common] {"type": "request_end", "user": "allanlondon19452122@gmail.com", "method": "GET", "path": "/", "status_code": 404}
[2025-10-13 18:05:55,770] [INFO] [common] {"type": "request_start", "user": "allanlondon19452122@gmail.com", "method": "GET", "path": "/appointments/slots/", "query_params": {}, "body": {}}
[2025-10-13 18:05:55,773] [INFO] [common] {"type": "request_end", "user": "allanlondon19452122@gmail.com", "method": "GET", "path": "/appointments/slots/", "status_code": 404}
[2025-10-13 18:06:05,607] [INFO] [common] {"type": "request_start", "user": "allanlondon19452122@gmail.com", "method": "GET", "path": "/appointments/ dashboard/", "query_params": {}, "body": {}}
[2025-10-13 18:06:05,610] [INFO] [common] {"type": "request_end", "user": "allanlondon19452122@gmail.com", "method": "GET", "path": "/appointments/ dashboard/", "status_code": 404}
[2025-10-13 18:06:19,009] [INFO] [common] {"type": "request_start", "user": "allanlondon19452122@gmail.com", "method": "GET", "path": "/appointments/dashboard/", "query_params": {}, "body": {}}
[2025-10-13 18:06:19,012] [INFO] [common] {"type": "request_end", "user": "allanlondon19452122@gmail.com", "method": "GET", "path": "/appointments/dashboard/", "status_code": 404}
[2025-10-13 18:06:29,944] [INFO] [common] {"type": "request_start", "user": "allanlondon19452122@gmail.com", "method": "GET", "path": "/appointments/dashboard/stats/", "query_params": {}, "body": {}}
[2025-10-13 18:06:30,007] [INFO] [common] {"type": "request_end", "user": "allanlondon19452122@gmail.com", "method": "GET", "path": "/appointments/dashboard/stats/", "status_code": 200}
[2025-10-13 18:17:29,035] [INFO] [common] {"type": "request_start", "user": "allanlondon19452122@gmail.com", "method": "GET", "path": "/appointments/ dashboard/ lawyer/", "query_params": {}, "body": {}}
[2025-10-13 18:17:29,038] [INFO] [common] {"type": "request_end", "user": "allanlondon19452122@gmail.com", "method": "GET", "path": "/appointments/ dashboard/ lawyer/", "status_code": 404}
[2025-10-13 18:17:54,171] [INFO] [common] {"type": "request_start", "user": "allanlondon19452122@gmail.com", "method": "GET", "path": "/appointments/dashboard/lawyer/", "query_params": {}, "body": {}}
[2025-10-13 18:17:54,182] [INFO] [common] {"type": "request_end", "user": "allanlondon19452122@gmail.com", "method": "GET", "path": "/appointments/dashboard/lawyer/", "status_code": 200}
[2025-10-13 19:41:41,526] [INFO] [common] {"type": "request_start", "user": "allanlondon19452122@gmail.com", "method": "GET", "path": "/", "query_params": {}, "body": {}}
[2025-10-13 19:41:41,531] [INFO] [common] {"type": "request_end", "user": "allanlondon19452122@gmail.com", "method": "GET", "path": "/", "status_code": 404}
[2025-10-13 19:41:43,961] [INFO] [common] {"type": "request_start", "user": "allanlondon19452122@gmail.com", "method": "GET", "path": "/", "query_params": {}, "body": {}}
[2025-10-13 19:41:43,964] [INFO] [common] {"type": "request_end", "user": "allanlondon19452122@gmail.com", "method": "GET", "path": "/", "status_code": 404}
[2025-10-13 19:41:46,110] [INFO] [common] {"type": "request_start", "user": "allanlondon19452122@gmail.com", "method": "GET", "path": "/", "query_params": {}, "body": {}}
[2025-10-13 19:41:46,112] [INFO] [common] {"type": "request_end", "user": "allanlondon19452122@gmail.com", "method": "GET", "path": "/", "status_code": 404}
[2025-10-13 19:41:47,248] [INFO] [common] {"type": "request_start", "user": "allanlondon19452122@gmail.com", "method": "GET", "path": "/", "query_params": {}, "body": {}}
[2025-10-13 19:41:47,250] [INFO] [common] {"type": "request_end", "user": "allanlondon19452122@gmail.com", "method": "GET", "path": "/", "status_code": 404}
[2025-10-13 19:41:47,925] [INFO] [common] {"type": "request_start", "user": "allanlondon19452122@gmail.com", "method": "GET", "path": "/", "query_params": {}, "body": {}}
[2025-10-13 19:41:47,928] [INFO] [common] {"type": "request_end", "user": "allanlondon19452122@gmail.com", "method": "GET", "path": "/", "status_code": 404}
[2025-10-13 19:41:48,679] [INFO] [common] {"type": "request_start", "user": "allanlondon19452122@gmail.com", "method": "GET", "path": "/", "query_params": {}, "body": {}}
[2025-10-13 19:41:48,682] [INFO] [common] {"type": "request_end", "user": "allanlondon19452122@gmail.com", "method": "GET", "path": "/", "status_code": 404}
[2025-10-13 19:41:48,916] [INFO] [common] {"type": "request_start", "user": "allanlondon19452122@gmail.com", "method": "GET", "path": "/", "query_params": {}, "body": {}}
[2025-10-13 19:41:48,919] [INFO] [common] {"type": "request_end", "user": "allanlondon19452122@gmail.com", "method": "GET", "path": "/", "status_code": 404}
[2025-10-13 19:41:49,374] [INFO] [common] {"type": "request_start", "user": "allanlondon19452122@gmail.com", "method": "GET", "path": "/", "query_params": {}, "body": {}}
[2025-10-13 19:41:49,376] [INFO] [common] {"type": "request_end", "user": "allanlondon19452122@gmail.com", "method": "GET", "path": "/", "status_code": 404}
[2025-10-13 19:41:49,838] [INFO] [common] {"type": "request_start", "user": "allanlondon19452122@gmail.com", "method": "GET", "path": "/", "query_params": {}, "body": {}}
[2025-10-13 19:41:49,841] [INFO] [common] {"type": "request_end", "user": "allanlondon19452122@gmail.com", "method": "GET", "path": "/", "status_code": 404}
[2025-10-13 19:41:50,366] [INFO] [common] {"type": "request_start", "user": "allanlondon19452122@gmail.com", "method": "GET", "path": "/", "query_params": {}, "body": {}}
[2025-10-13 19:41:50,369] [INFO] [common] {"type": "request_end", "user": "allanlondon19452122@gmail.com", "method": "GET", "path": "/", "status_code": 404}
[2025-10-13 19:41:50,806] [INFO] [common] {"type": "request_start", "user": "allanlondon19452122@gmail.com", "method": "GET", "path": "/", "query_params": {}, "body": {}}
[2025-10-13 19:41:50,809] [INFO] [common] {"type": "request_end", "user": "allanlondon19452122@gmail.com", "method": "GET", "path": "/", "status_code": 404}
[2025-10-13 19:41:52,231] [INFO] [common] {"type": "request_start", "user": "allanlondon19452122@gmail.com", "method": "GET", "path": "/", "query_params": {}, "body": {}}
[2025-10-13 19:41:52,234] [INFO] [common] {"type": "request_end", "user": "allanlondon19452122@gmail.com", "method": "GET", "path": "/", "status_code": 404}
[2025-10-13 19:49:29,179] [INFO] [common] {"type": "request_start", "user": "allanlondon19452122@gmail.com", "method": "GET", "path": "/appointments/dashboard/lawyer/", "query_params": {}, "body": {}}
[2025-10-13 19:49:29,215] [INFO] [common] {"type": "request_end", "user": "allanlondon19452122@gmail.com", "method": "GET", "path": "/appointments/dashboard/lawyer/", "status_code": 200}
[2025-10-15 12:22:18,340] [INFO] [common] {"type": "request_start", "user": "allanlondon19452122@gmail.com", "method": "GET", "path": "/", "query_params": {}, "body": {}}
[2025-10-15 12:22:18,355] [INFO] [common] {"type": "request_end", "user": "allanlondon19452122@gmail.com", "method": "GET", "path": "/", "status_code": 404}
[2025-10-15 12:22:18,483] [INFO] [common] {"type": "request_start", "user": "allanlondon19452122@gmail.com", "method": "GET", "path": "/favicon.ico", "query_params": {}, "body": {}}
[2025-10-15 12:22:18,487] [INFO] [common] {"type": "request_end", "user": "allanlondon19452122@gmail.com", "method": "GET", "path": "/favicon.ico", "status_code": 404}
[2025-10-15 12:22:27,702] [INFO] [common] {"type": "request_start", "user": "allanlondon19452122@gmail.com", "method": "GET", "path": "/users/", "query_params": {}, "body": {}}
[2025-10-15 12:22:27,705] [INFO] [common] {"type": "request_end", "user": "allanlondon19452122@gmail.com", "method": "GET", "path": "/users/", "status_code": 404}
[2025-10-15 12:22:49,532] [INFO] [common] {"type": "request_start", "user": "allanlondon19452122@gmail.com", "method": "GET", "path": "/users/register/", "query_params": {}, "body": {}}
[2025-10-15 12:22:49,644] [INFO] [common] {"type": "request_end", "user": "allanlondon19452122@gmail.com", "method": "GET", "path": "/users/register/", "status_code": 405}
[2025-10-15 12:24:16,792] [INFO] [common] {"type": "request_start", "user": "allanlondon19452122@gmail.com", "method": "POST", "path": "/users/register/", "query_params": {}, "body": "<unreadable body>"}
[2025-10-15 12:24:16,835] [INFO] [common] {"type": "request_end", "user": "allanlondon19452122@gmail.com", "method": "POST", "path": "/users/register/", "status_code": 400}
[2025-10-15 12:24:26,190] [INFO] [common] {"type": "request_start", "user": "allanlondon19452122@gmail.com", "method": "POST", "path": "/users/register/", "query_params": {}, "body": "<unreadable body>"}
[2025-10-15 12:24:42,331] [INFO] [common] {"type": "request_start", "user": "allanlondon19452122@gmail.com", "method": "POST", "path": "/users/register/", "query_params": {}, "body": "<unreadable body>"}
[2025-10-15 12:24:42,337] [INFO] [common] {"type": "request_end", "user": "allanlondon19452122@gmail.com", "method": "POST", "path": "/users/register/", "status_code": 400}
[2025-10-15 12:24:42,910] [INFO] [common] {"type": "request_end", "user": "allanlondon19452122@gmail.com", "method": "POST", "path": "/users/register/", "status_code": 201}
[2025-10-15 12:24:50,040] [INFO] [common] {"type": "request_start", "user": "allanlondon19452122@gmail.com", "method": "POST", "path": "/users/register/", "query_params": {}, "body": "<unreadable body>"}
[2025-10-15 12:24:55,638] [INFO] [common] {"type": "request_start", "user": "allanlondon19452122@gmail.com", "method": "POST", "path": "/users/register/", "query_params": {}, "body": "<unreadable body>"}
[2025-10-15 12:24:55,643] [INFO] [common] {"type": "request_end", "user": "allanlondon19452122@gmail.com", "method": "POST", "path": "/users/register/", "status_code": 400}
[2025-10-15 12:25:01,059] [INFO] [common] {"type": "request_start", "user": "allanlondon19452122@gmail.com", "method": "POST", "path": "/users/register/", "query_params": {}, "body": "<unreadable body>"}
[2025-10-15 12:25:01,064] [INFO] [common] {"type": "request_end", "user": "allanlondon19452122@gmail.com", "method": "POST", "path": "/users/register/", "status_code": 400}
[2025-10-15 12:25:03,244] [INFO] [common] {"type": "request_start", "user": "allanlondon19452122@gmail.com", "method": "POST", "path": "/users/register/", "query_params": {}, "body": "<unreadable body>"}
[2025-10-15 12:25:03,249] [INFO] [common] {"type": "request_end", "user": "allanlondon19452122@gmail.com", "method": "POST", "path": "/users/register/", "status_code": 400}
[2025-10-15 12:25:06,721] [INFO] [common] {"type": "request_end", "user": "allanlondon19452122@gmail.com", "method": "POST", "path": "/users/register/", "status_code": 201}
[2025-10-15 12:25:23,270] [INFO] [common] {"type": "request_start", "user": "allanlondon19452122@gmail.com", "method": "POST", "path": "/users/register/", "query_params": {}, "body": "<unreadable body>"}
[2025-10-15 12:25:35,164] [INFO] [common] {"type": "request_start", "user": "allanlondon19452122@gmail.com", "method": "POST", "path": "/users/register/", "query_params": {}, "body": "<unreadable body>"}
[2025-10-15 12:25:35,169] [INFO] [common] {"type": "request_end", "user": "allanlondon19452122@gmail.com", "method": "POST", "path": "/users/register/", "status_code": 400}
[2025-10-15 12:25:39,911] [INFO] [common] {"type": "request_end", "user": "allanlondon19452122@gmail.com", "method": "POST", "path": "/users/register/", "status_code": 201}
[2025-10-15 12:25:48,334] [INFO] [common] {"type": "request_start", "user": "allanlondon19452122@gmail.com", "method": "POST", "path": "/users/register/", "query_params": {}, "body": "<unreadable body>"}
[2025-10-15 12:25:48,339] [INFO] [common] {"type": "request_end", "user": "allanlondon19452122@gmail.com", "method": "POST", "path": "/users/register/", "status_code": 400}
[2025-10-15 12:25:57,482] [INFO] [common] {"type": "request_start", "user": "allanlondon19452122@gmail.com", "method": "OPTIONS", "path": "/users/register/", "query_params": {}, "body": {}}
[2025-10-15 12:25:57,486] [INFO] [common] {"type": "request_end", "user": "allanlondon19452122@gmail.com", "method": "OPTIONS", "path": "/users/register/", "status_code": 200}
[2025-10-15 12:25:58,479] [INFO] [common] {"type": "request_start", "user": "allanlondon19452122@gmail.com", "method": "OPTIONS", "path": "/users/register/", "query_params": {}, "body": {}}
[2025-10-15 12:25:58,483] [INFO] [common] {"type": "request_end", "user": "allanlondon19452122@gmail.com", "method": "OPTIONS", "path": "/users/register/", "status_code": 200}
[2025-10-15 12:25:59,128] [INFO] [common] {"type": "request_start", "user": "allanlondon19452122@gmail.com", "method": "OPTIONS", "path": "/users/register/", "query_params": {}, "body": {}}
[2025-10-15 12:25:59,132] [INFO] [common] {"type": "request_end", "user": "allanlondon19452122@gmail.com", "method": "OPTIONS", "path": "/users/register/", "status_code": 200}
[2025-10-15 12:26:32,254] [INFO] [common] {"type": "request_start", "user": "allanlondon19452122@gmail.com", "method": "POST", "path": "/users/register/", "query_params": {}, "body": "<unreadable body>"}
[2025-10-15 12:26:48,984] [INFO] [common] {"type": "request_end", "user": "allanlondon19452122@gmail.com", "method": "POST", "path": "/users/register/", "status_code": 201}
[2025-10-15 12:46:21,015] [INFO] [common] {"type": "request_start", "user": "allanlondon19452122@gmail.com", "method": "GET", "path": "/users/register/", "query_params": {}, "body": {}}
[2025-10-15 12:46:21,019] [INFO] [common] {"type": "request_end", "user": "allanlondon19452122@gmail.com", "method": "GET", "path": "/users/register/", "status_code": 405}
[2025-10-15 12:46:22,909] [INFO] [common] {"type": "request_start", "user": "allanlondon19452122@gmail.com", "method": "GET", "path": "/users/", "query_params": {}, "body": {}}
[2025-10-15 12:46:22,912] [INFO] [common] {"type": "request_end", "user": "allanlondon19452122@gmail.com", "method": "GET", "path": "/users/", "status_code": 404}
[2025-10-15 12:46:32,617] [INFO] [common] {"type": "request_start", "user": "allanlondon19452122@gmail.com", "method": "GET", "path": "/users/verify-email/", "query_params": {}, "body": {}}
[2025-10-15 12:46:32,673] [ERROR] [common] {"type": "exception", "user": "allanlondon19452122@gmail.com", "method": "GET", "path": "/users/verify-email/", "query_params": {}, "body": {}, "exception": "'NoneType' object has no attribute 'encode'", "traceback": "Traceback (most recent call last):\n  File \"E:\\Python\\Lib\\site-packages\\django\\core\\handlers\\base.py\", line 197, in _get_response\n    response = wrapped_callback(request, *callback_args, **callback_kwargs)\n  File \"E:\\Python\\Lib\\site-packages\\django\\views\\decorators\\csrf.py\", line 65, in _view_wrapper\n    return view_func(request, *args, **kwargs)\n  File \"E:\\Python\\Lib\\site-packages\\django\\views\\generic\\base.py\", line 105, in view\n    return self.dispatch(request, *args, **kwargs)\n           ~~~~~~~~~~~~~^^^^^^^^^^^^^^^^^^^^^^^^^^\n  File \"E:\\Python\\Lib\\site-packages\\rest_framework\\views.py\", line 515, in dispatch\n    response = self.handle_exception(exc)\n  File \"E:\\Python\\Lib\\site-packages\\rest_framework\\views.py\", line 475, in handle_exception\n    self.raise_uncaught_exception(exc)\n    ~~~~~~~~~~~~~~~~~~~~~~~~~~~~~^^^^^\n  File \"E:\\Python\\Lib\\site-packages\\rest_framework\\views.py\", line 486, in raise_uncaught_exception\n    raise exc\n  File \"E:\\Python\\Lib\\site-packages\\rest_framework\\views.py\", line 512, in dispatch\n    response = handler(request, *args, **kwargs)\n  File \"E:\\2VAKIL\\AloVakil\\users\\views.py\", line 49, in get\n    uid = force_str(urlsafe_base64_decode(uidb64))\n                    ~~~~~~~~~~~~~~~~~~~~~^^^^^^^^\n  File \"E:\\Python\\Lib\\site-packages\\django\\utils\\http.py\", line 191, in urlsafe_base64_decode\n    s = s.encode()\n        ^^^^^^^^\nAttributeError: 'NoneType' object has no attribute 'encode'\n"}
[2025-10-15 12:46:32,724] [INFO] [common] {"type": "request_end", "user": "allanlondon19452122@gmail.com", "method": "GET", "path": "/users/verify-email/", "status_code": 500}
[2025-10-15 12:47:27,297] [INFO] [common] {"type": "request_start", "user": "allanlondon19452122@gmail.com", "method": "GET", "path": "/users/login/", "query_params": {}, "body": {}}
[2025-10-15 12:47:27,300] [INFO] [common] {"type": "request_end", "user": "Anonymous", "method": "GET", "path": "/users/login/", "status_code": 405}
[2025-10-15 12:48:22,563] [INFO] [common] {"type": "request_start", "user": "allanlondon19452122@gmail.com", "method": "POST", "path": "/users/login/", "query_params": {}, "body": "<unreadable body>"}
[2025-10-15 12:48:22,989] [INFO] [common] {"type": "request_end", "user": "Anonymous", "method": "POST", "path": "/users/login/", "status_code": 200}
[2025-10-15 12:48:35,372] [INFO] [common] {"type": "request_start", "user": "allanlondon19452122@gmail.com", "method": "GET", "path": "/users/login/", "query_params": {}, "body": {}}
[2025-10-15 12:48:35,375] [INFO] [common] {"type": "request_end", "user": "Anonymous", "method": "GET", "path": "/users/login/", "status_code": 405}
[2025-10-15 12:48:47,461] [INFO] [common] {"type": "request_start", "user": "allanlondon19452122@gmail.com", "method": "GET", "path": "/users/token/refresh/", "query_params": {}, "body": {}}
[2025-10-15 12:48:47,464] [INFO] [common] {"type": "request_end", "user": "Anonymous", "method": "GET", "path": "/users/token/refresh/", "status_code": 405}
[2025-10-15 12:56:49,907] [INFO] [common] {"type": "request_start", "user": "allanlondon19452122@gmail.com", "method": "GET", "path": "/users/logout/", "query_params": {}, "body": {}}
[2025-10-15 12:56:49,910] [INFO] [common] {"type": "request_end", "user": "allanlondon19452122@gmail.com", "method": "GET", "path": "/users/logout/", "status_code": 405}
[2025-10-15 12:57:07,920] [INFO] [common] {"type": "request_start", "user": "allanlondon19452122@gmail.com", "method": "GET", "path": "/users/profile/client/", "query_params": {}, "body": {}}
[2025-10-15 12:57:24,317] [INFO] [common] {"type": "request_end", "user": "allanlondon19452122@gmail.com", "method": "GET", "path": "/users/profile/client/", "status_code": 200}
[2025-10-15 12:57:45,906] [INFO] [common] {"type": "request_start", "user": "allanlondon19452122@gmail.com", "method": "GET", "path": "/users/profile/lawyer/", "query_params": {}, "body": {}}
[2025-10-15 12:57:45,926] [INFO] [common] {"type": "request_end", "user": "allanlondon19452122@gmail.com", "method": "GET", "path": "/users/profile/lawyer/", "status_code": 200}
[2025-10-15 12:58:17,191] [INFO] [common] {"type": "request_start", "user": "allanlondon19452122@gmail.com", "method": "GET", "path": "/users/change-password/", "query_params": {}, "body": {}}
[2025-10-15 12:58:17,194] [INFO] [common] {"type": "request_end", "user": "allanlondon19452122@gmail.com", "method": "GET", "path": "/users/change-password/", "status_code": 405}
[2025-10-15 12:58:41,936] [INFO] [common] {"type": "request_start", "user": "allanlondon19452122@gmail.com", "method": "GET", "path": "/users/lawyers/", "query_params": {}, "body": {}}
[2025-10-15 12:58:41,955] [INFO] [common] {"type": "request_end", "user": "allanlondon19452122@gmail.com", "method": "GET", "path": "/users/lawyers/", "status_code": 200}
[2025-10-15 12:58:52,999] [INFO] [common] {"type": "request_start", "user": "allanlondon19452122@gmail.com", "method": "GET", "path": "/users/password-reset/", "query_params": {}, "body": {}}
[2025-10-15 12:58:53,002] [INFO] [common] {"type": "request_end", "user": "allanlondon19452122@gmail.com", "method": "GET", "path": "/users/password-reset/", "status_code": 405}
[2025-10-15 12:58:57,137] [INFO] [common] {"type": "request_start", "user": "allanlondon19452122@gmail.com", "method": "POST", "path": "/users/password-reset/", "query_params": {}, "body": "<unreadable body>"}
[2025-10-15 12:59:01,258] [ERROR] [common] {"type": "exception", "user": "allanlondon19452122@gmail.com", "method": "POST", "path": "/users/password-reset/", "query_params": {}, "body": "<unreadable body>", "exception": "[WinError 10061] No connection could be made because the target machine actively refused it", "traceback": "Traceback (most recent call last):\n  File \"E:\\Python\\Lib\\site-packages\\django\\core\\handlers\\base.py\", line 197, in _get_response\n    response = wrapped_callback(request, *callback_args, **callback_kwargs)\n  File \"E:\\Python\\Lib\\site-packages\\django\\views\\decorators\\csrf.py\", line 65, in _view_wrapper\n    return view_func(request, *args, **kwargs)\n  File \"E:\\Python\\Lib\\site-packages\\django\\views\\generic\\base.py\", line 105, in view\n    return self.dispatch(request, *args, **kwargs)\n           ~~~~~~~~~~~~~^^^^^^^^^^^^^^^^^^^^^^^^^^\n  File \"E:\\Python\\Lib\\site-packages\\rest_framework\\views.py\", line 515, in dispatch\n    response = self.handle_exception(exc)\n  File \"E:\\Python\\Lib\\site-packages\\rest_framework\\views.py\", line 475, in handle_exception\n    self.raise_uncaught_exception(exc)\n    ~~~~~~~~~~~~~~~~~~~~~~~~~~~~~^^^^^\n  File \"E:\\Python\\Lib\\site-packages\\rest_framework\\views.py\", line 486, in raise_uncaught_exception\n    raise exc\n  File \"E:\\Python\\Lib\\site-packages\\rest_framework\\views.py\", line 512, in dispatch\n    response = handler(request, *args, **kwargs)\n  File \"E:\\2VAKIL\\AloVakil\\users\\views.py\", line 159, in post\n    send_mail(\n    ~~~~~~~~~^\n        \"Password Reset Request\",\n        ^^^^^^^^^^^^^^^^^^^^^^^^^\n    ...<3 lines>...\n        fail_silently=False,\n        ^^^^^^^^^^^^^^^^^^^^\n    )\n    ^\n  File \"E:\\Python\\Lib\\site-packages\\django\\core\\mail\\__init__.py\", line 92, in send_mail\n    return mail.send()\n           ~~~~~~~~~^^\n  File \"E:\\Python\\Lib\\site-packages\\django\\core\\mail\\message.py\", line 307, in send\n    return self.get_connection(fail_silently).send_messages([self])\n           ~~~~~~~~~~~~~~~~~~~~~~~~~~~~~~~~~~~~~~~~~~~~~~~~^^^^^^^^\n  File \"E:\\Python\\Lib\\site-packages\\django\\core\\mail\\backends\\smtp.py\", line 128, in send_messages\n    new_conn_created = self.open()\n  File \"E:\\Python\\Lib\\site-packages\\django\\core\\mail\\backends\\smtp.py\", line 86, in open\n    self.connection = self.connection_class(\n                      ~~~~~~~~~~~~~~~~~~~~~^\n        self.host, self.port, **connection_params\n        ^^^^^^^^^^^^^^^^^^^^^^^^^^^^^^^^^^^^^^^^^\n    )\n    ^\n  File \"E:\\Python\\Lib\\smtplib.py\", line 255, in __init__\n    (code, msg) = self.connect(host, port)\n                  ~~~~~~~~~~~~^^^^^^^^^^^^\n  File \"E:\\Python\\Lib\\smtplib.py\", line 341, in connect\n    self.sock = self._get_socket(host, port, self.timeout)\n                ~~~~~~~~~~~~~~~~^^^^^^^^^^^^^^^^^^^^^^^^^^\n  File \"E:\\Python\\Lib\\smtplib.py\", line 312, in _get_socket\n    return socket.create_connection((host, port), timeout,\n           ~~~~~~~~~~~~~~~~~~~~~~~~^^^^^^^^^^^^^^^^^^^^^^^\n                                    self.source_address)\n                                    ^^^^^^^^^^^^^^^^^^^^\n  File \"E:\\Python\\Lib\\socket.py\", line 864, in create_connection\n    raise exceptions[0]\n  File \"E:\\Python\\Lib\\socket.py\", line 849, in create_connection\n    sock.connect(sa)\n    ~~~~~~~~~~~~^^^^\nConnectionRefusedError: [WinError 10061] No connection could be made because the target machine actively refused it\n"}
[2025-10-15 12:59:01,279] [INFO] [common] {"type": "request_end", "user": "allanlondon19452122@gmail.com", "method": "POST", "path": "/users/password-reset/", "status_code": 500}
[2025-10-15 12:59:53,604] [INFO] [common] {"type": "request_start", "user": "allanlondon19452122@gmail.com", "method": "GET", "path": "/users/password-reset-confirm/", "query_params": {}, "body": {}}
[2025-10-15 12:59:53,607] [INFO] [common] {"type": "request_end", "user": "allanlondon19452122@gmail.com", "method": "GET", "path": "/users/password-reset-confirm/", "status_code": 405}
[2025-10-15 13:07:32,644] [INFO] [common] {"type": "request_start", "user": "allanlondon19452122@gmail.com", "method": "GET", "path": "/", "query_params": {}, "body": {}}
[2025-10-15 13:07:32,647] [INFO] [common] {"type": "request_end", "user": "allanlondon19452122@gmail.com", "method": "GET", "path": "/", "status_code": 404}
[2025-10-15 13:08:01,112] [INFO] [common] {"type": "request_start", "user": "allanlondon19452122@gmail.com", "method": "GET", "path": "/users/verify-email/", "query_params": {}, "body": {}}
[2025-10-15 13:08:01,113] [ERROR] [common] {"type": "exception", "user": "allanlondon19452122@gmail.com", "method": "GET", "path": "/users/verify-email/", "query_params": {}, "body": {}, "exception": "'NoneType' object has no attribute 'encode'", "traceback": "Traceback (most recent call last):\n  File \"E:\\Python\\Lib\\site-packages\\django\\core\\handlers\\base.py\", line 197, in _get_response\n    response = wrapped_callback(request, *callback_args, **callback_kwargs)\n  File \"E:\\Python\\Lib\\site-packages\\django\\views\\decorators\\csrf.py\", line 65, in _view_wrapper\n    return view_func(request, *args, **kwargs)\n  File \"E:\\Python\\Lib\\site-packages\\django\\views\\generic\\base.py\", line 105, in view\n    return self.dispatch(request, *args, **kwargs)\n           ~~~~~~~~~~~~~^^^^^^^^^^^^^^^^^^^^^^^^^^\n  File \"E:\\Python\\Lib\\site-packages\\rest_framework\\views.py\", line 515, in dispatch\n    response = self.handle_exception(exc)\n  File \"E:\\Python\\Lib\\site-packages\\rest_framework\\views.py\", line 475, in handle_exception\n    self.raise_uncaught_exception(exc)\n    ~~~~~~~~~~~~~~~~~~~~~~~~~~~~~^^^^^\n  File \"E:\\Python\\Lib\\site-packages\\rest_framework\\views.py\", line 486, in raise_uncaught_exception\n    raise exc\n  File \"E:\\Python\\Lib\\site-packages\\rest_framework\\views.py\", line 512, in dispatch\n    response = handler(request, *args, **kwargs)\n  File \"E:\\2VAKIL\\AloVakil\\users\\views.py\", line 49, in get\n    uid = force_str(urlsafe_base64_decode(uidb64))\n                    ~~~~~~~~~~~~~~~~~~~~~^^^^^^^^\n  File \"E:\\Python\\Lib\\site-packages\\django\\utils\\http.py\", line 191, in urlsafe_base64_decode\n    s = s.encode()\n        ^^^^^^^^\nAttributeError: 'NoneType' object has no attribute 'encode'\n"}
[2025-10-15 13:08:01,129] [INFO] [common] {"type": "request_end", "user": "allanlondon19452122@gmail.com", "method": "GET", "path": "/users/verify-email/", "status_code": 500}
[2025-10-15 23:25:54,723] [INFO] [common] {"type": "request_start", "user": "allanlondon19452122@gmail.com", "method": "GET", "path": "/", "query_params": {}, "body": {}}
[2025-10-15 23:25:54,736] [INFO] [common] {"type": "request_end", "user": "allanlondon19452122@gmail.com", "method": "GET", "path": "/", "status_code": 404}
[2025-10-15 23:25:54,864] [INFO] [common] {"type": "request_start", "user": "allanlondon19452122@gmail.com", "method": "GET", "path": "/favicon.ico", "query_params": {}, "body": {}}
[2025-10-15 23:25:54,867] [INFO] [common] {"type": "request_end", "user": "allanlondon19452122@gmail.com", "method": "GET", "path": "/favicon.ico", "status_code": 404}
[2025-10-15 23:30:28,604] [INFO] [common] {"type": "request_start", "user": "allanlondon19452122@gmail.com", "method": "GET", "path": "/users/", "query_params": {}, "body": {}}
[2025-10-15 23:30:28,607] [INFO] [common] {"type": "request_end", "user": "allanlondon19452122@gmail.com", "method": "GET", "path": "/users/", "status_code": 404}
[2025-10-15 23:30:39,195] [INFO] [common] {"type": "request_start", "user": "allanlondon19452122@gmail.com", "method": "GET", "path": "/users/register/", "query_params": {}, "body": {}}
[2025-10-15 23:30:39,304] [INFO] [common] {"type": "request_end", "user": "allanlondon19452122@gmail.com", "method": "GET", "path": "/users/register/", "status_code": 405}
[2025-10-15 23:55:10,529] [INFO] [common] {"type": "request_start", "user": "Anonymous", "method": "GET", "path": "/users/register/", "query_params": {}, "body": {}}
[2025-10-15 23:55:10,556] [INFO] [common] {"type": "request_end", "user": "Anonymous", "method": "GET", "path": "/users/register/", "status_code": 405}
[2025-10-16 00:26:40,636] [INFO] [common] {"type": "request_start", "user": "Anonymous", "method": "GET", "path": "/users/", "query_params": {}, "body": {}}
[2025-10-16 00:26:40,652] [INFO] [common] {"type": "request_end", "user": "Anonymous", "method": "GET", "path": "/users/", "status_code": 404}
[2025-10-16 00:26:54,033] [INFO] [common] {"type": "request_start", "user": "Anonymous", "method": "GET", "path": "/users/signup/", "query_params": {}, "body": {}}
[2025-10-16 00:26:54,138] [INFO] [common] {"type": "request_end", "user": "Anonymous", "method": "GET", "path": "/users/signup/", "status_code": 405}
[2025-10-16 00:27:15,865] [INFO] [common] {"type": "request_start", "user": "Anonymous", "method": "POST", "path": "/users/signup/", "query_params": {}, "body": "<unreadable body>"}
[2025-10-16 00:27:20,523] [ERROR] [common] {"type": "exception", "user": "Anonymous", "method": "POST", "path": "/users/signup/", "query_params": {}, "body": "<unreadable body>", "exception": "ConnectionError(<urllib3.connection.HTTPConnection object at 0x0000022E2931B770>: Failed to establish a new connection: [WinError 10061] No connection could be made because the target machine actively refused it) caused by: NewConnectionError(<urllib3.connection.HTTPConnection object at 0x0000022E2931B770>: Failed to establish a new connection: [WinError 10061] No connection could be made because the target machine actively refused it)", "traceback": "Traceback (most recent call last):\n  File \"E:\\Python\\Lib\\site-packages\\urllib3\\connection.py\", line 174, in _new_conn\n    conn = connection.create_connection(\n        (self._dns_host, self.port), self.timeout, **extra_kw\n    )\n  File \"E:\\Python\\Lib\\site-packages\\urllib3\\util\\connection.py\", line 95, in create_connection\n    raise err\n  File \"E:\\Python\\Lib\\site-packages\\urllib3\\util\\connection.py\", line 85, in create_connection\n    sock.connect(sa)\n    ~~~~~~~~~~~~^^^^\nConnectionRefusedError: [WinError 10061] No connection could be made because the target machine actively refused it\n\nDuring handling of the above exception, another exception occurred:\n\nTraceback (most recent call last):\n  File \"E:\\Python\\Lib\\site-packages\\elasticsearch\\connection\\http_urllib3.py\", line 255, in perform_request\n    response = self.pool.urlopen(\n        method, url, body, retries=Retry(False), headers=request_headers, **kw\n    )\n  File \"E:\\Python\\Lib\\site-packages\\urllib3\\connectionpool.py\", line 802, in urlopen\n    retries = retries.increment(\n        method, url, error=e, _pool=self, _stacktrace=sys.exc_info()[2]\n    )\n  File \"E:\\Python\\Lib\\site-packages\\urllib3\\util\\retry.py\", line 527, in increment\n    raise six.reraise(type(error), error, _stacktrace)\n          ~~~~~~~~~~~^^^^^^^^^^^^^^^^^^^^^^^^^^^^^^^^^\n  File \"E:\\Python\\Lib\\site-packages\\urllib3\\packages\\six.py\", line 770, in reraise\n    raise value\n  File \"E:\\Python\\Lib\\site-packages\\urllib3\\connectionpool.py\", line 716, in urlopen\n    httplib_response = self._make_request(\n        conn,\n    ...<5 lines>...\n        chunked=chunked,\n    )\n  File \"E:\\Python\\Lib\\site-packages\\urllib3\\connectionpool.py\", line 416, in _make_request\n    conn.request(method, url, **httplib_request_kw)\n    ~~~~~~~~~~~~^^^^^^^^^^^^^^^^^^^^^^^^^^^^^^^^^^^\n  File \"E:\\Python\\Lib\\site-packages\\urllib3\\connection.py\", line 244, in request\n    super(HTTPConnection, self).request(method, url, body=body, headers=headers)\n    ~~~~~~~~~~~~~~~~~~~~~~~~~~~~~~~~~~~^^^^^^^^^^^^^^^^^^^^^^^^^^^^^^^^^^^^^^^^^\n  File \"E:\\Python\\Lib\\http\\client.py\", line 1338, in request\n    self._send_request(method, url, body, headers, encode_chunked)\n    ~~~~~~~~~~~~~~~~~~^^^^^^^^^^^^^^^^^^^^^^^^^^^^^^^^^^^^^^^^^^^^\n  File \"E:\\Python\\Lib\\http\\client.py\", line 1384, in _send_request\n    self.endheaders(body, encode_chunked=encode_chunked)\n    ~~~~~~~~~~~~~~~^^^^^^^^^^^^^^^^^^^^^^^^^^^^^^^^^^^^^\n  File \"E:\\Python\\Lib\\http\\client.py\", line 1333, in endheaders\n    self._send_output(message_body, encode_chunked=encode_chunked)\n    ~~~~~~~~~~~~~~~~~^^^^^^^^^^^^^^^^^^^^^^^^^^^^^^^^^^^^^^^^^^^^^\n  File \"E:\\Python\\Lib\\http\\client.py\", line 1093, in _send_output\n    self.send(msg)\n    ~~~~~~~~~^^^^^\n  File \"E:\\Python\\Lib\\http\\client.py\", line 1037, in send\n    self.connect()\n    ~~~~~~~~~~~~^^\n  File \"E:\\Python\\Lib\\site-packages\\urllib3\\connection.py\", line 205, in connect\n    conn = self._new_conn()\n  File \"E:\\Python\\Lib\\site-packages\\urllib3\\connection.py\", line 186, in _new_conn\n    raise NewConnectionError(\n        self, \"Failed to establish a new connection: %s\" % e\n    )\nurllib3.exceptions.NewConnectionError: <urllib3.connection.HTTPConnection object at 0x0000022E2931B770>: Failed to establish a new connection: [WinError 10061] No connection could be made because the target machine actively refused it\n\nDuring handling of the above exception, another exception occurred:\n\nTraceback (most recent call last):\n  File \"E:\\Python\\Lib\\site-packages\\django\\core\\handlers\\base.py\", line 197, in _get_response\n    response = wrapped_callback(request, *callback_args, **callback_kwargs)\n  File \"E:\\Python\\Lib\\site-packages\\django\\views\\decorators\\csrf.py\", line 65, in _view_wrapper\n    return view_func(request, *args, **kwargs)\n  File \"E:\\Python\\Lib\\site-packages\\django\\views\\generic\\base.py\", line 105, in view\n    return self.dispatch(request, *args, **kwargs)\n           ~~~~~~~~~~~~~^^^^^^^^^^^^^^^^^^^^^^^^^^\n  File \"E:\\Python\\Lib\\site-packages\\rest_framework\\views.py\", line 515, in dispatch\n    response = self.handle_exception(exc)\n  File \"E:\\Python\\Lib\\site-packages\\rest_framework\\views.py\", line 475, in handle_exception\n    self.raise_uncaught_exception(exc)\n    ~~~~~~~~~~~~~~~~~~~~~~~~~~~~~^^^^^\n  File \"E:\\Python\\Lib\\site-packages\\rest_framework\\views.py\", line 486, in raise_uncaught_exception\n    raise exc\n  File \"E:\\Python\\Lib\\site-packages\\rest_framework\\views.py\", line 512, in dispatch\n    response = handler(request, *args, **kwargs)\n  File \"E:\\Python\\Lib\\site-packages\\rest_framework\\generics.py\", line 194, in post\n    return self.create(request, *args, **kwargs)\n           ~~~~~~~~~~~^^^^^^^^^^^^^^^^^^^^^^^^^^\n  File \"E:\\Python\\Lib\\site-packages\\rest_framework\\mixins.py\", line 19, in create\n    self.perform_create(serializer)\n    ~~~~~~~~~~~~~~~~~~~^^^^^^^^^^^^\n  File \"E:\\2VAKIL\\AloVakil\\users\\views.py\", line 23, in perform_create\n    user = serializer.save()\n  File \"E:\\Python\\Lib\\site-packages\\rest_framework\\serializers.py\", line 210, in save\n    self.instance = self.create(validated_data)\n                    ~~~~~~~~~~~^^^^^^^^^^^^^^^^\n  File \"E:\\2VAKIL\\AloVakil\\users\\serializers.py\", line 18, in create\n    user = User.objects.create_user(\n        phone_number=validated_data['phone_number'],\n    ...<3 lines>...\n        is_active=False  # \u062a\u0627 \u062a\u0627\u06cc\u06cc\u062f OTP \u0641\u0639\u0627\u0644 \u0646\u0634\u0648\u062f\n    )\n  File \"E:\\2VAKIL\\AloVakil\\users\\models.py\", line 16, in create_user\n    user.save(using=self._db)\n    ~~~~~~~~~^^^^^^^^^^^^^^^^\n  File \"E:\\Python\\Lib\\site-packages\\django\\contrib\\auth\\base_user.py\", line 65, in save\n    super().save(*args, **kwargs)\n    ~~~~~~~~~~~~^^^^^^^^^^^^^^^^^\n  File \"E:\\Python\\Lib\\site-packages\\django\\db\\models\\base.py\", line 902, in save\n    self.save_base(\n    ~~~~~~~~~~~~~~^\n        using=using,\n        ^^^^^^^^^^^^\n    ...<2 lines>...\n        update_fields=update_fields,\n        ^^^^^^^^^^^^^^^^^^^^^^^^^^^^\n    )\n    ^\n  File \"E:\\Python\\Lib\\site-packages\\django\\db\\models\\base.py\", line 1023, in save_base\n    post_save.send(\n    ~~~~~~~~~~~~~~^\n        sender=origin,\n        ^^^^^^^^^^^^^^\n    ...<4 lines>...\n        using=using,\n        ^^^^^^^^^^^^\n    )\n    ^\n  File \"E:\\Python\\Lib\\site-packages\\django\\dispatch\\dispatcher.py\", line 189, in send\n    response = receiver(signal=self, sender=sender, **named)\n  File \"E:\\2VAKIL\\AloVakil\\users\\signals.py\", line 17, in update_user_document\n    doc.save()\n    ~~~~~~~~^^\n  File \"E:\\2VAKIL\\AloVakil\\users\\documents.py\", line 20, in save\n    return super().save(**kwargs)\n           ~~~~~~~~~~~~^^^^^^^^^^\n  File \"E:\\Python\\Lib\\site-packages\\elasticsearch_dsl\\document.py\", line 497, in save\n    meta = es.index(index=self._get_index(index), **params)\n  File \"E:\\Python\\Lib\\site-packages\\elasticsearch\\client\\utils.py\", line 347, in _wrapped\n    return func(*args, params=params, headers=headers, **kwargs)\n  File \"E:\\Python\\Lib\\site-packages\\elasticsearch\\client\\__init__.py\", line 413, in index\n    return self.transport.perform_request(\n           ~~~~~~~~~~~~~~~~~~~~~~~~~~~~~~^\n        \"POST\" if id in SKIP_IN_PATH else \"PUT\",\n        ^^^^^^^^^^^^^^^^^^^^^^^^^^^^^^^^^^^^^^^^\n    ...<3 lines>...\n        body=body,\n        ^^^^^^^^^^\n    )\n    ^\n  File \"E:\\Python\\Lib\\site-packages\\elasticsearch\\transport.py\", line 417, in perform_request\n    self._do_verify_elasticsearch(headers=headers, timeout=timeout)\n    ~~~~~~~~~~~~~~~~~~~~~~~~~~~~~^^^^^^^^^^^^^^^^^^^^^^^^^^^^^^^^^^\n  File \"E:\\Python\\Lib\\site-packages\\elasticsearch\\transport.py\", line 606, in _do_verify_elasticsearch\n    raise error\n  File \"E:\\Python\\Lib\\site-packages\\elasticsearch\\transport.py\", line 569, in _do_verify_elasticsearch\n    _, info_headers, info_response = conn.perform_request(\n                                     ~~~~~~~~~~~~~~~~~~~~^\n        \"GET\", \"/\", headers=headers, timeout=timeout\n        ^^^^^^^^^^^^^^^^^^^^^^^^^^^^^^^^^^^^^^^^^^^^\n    )\n    ^\n  File \"E:\\Python\\Lib\\site-packages\\elasticsearch\\connection\\http_urllib3.py\", line 280, in perform_request\n    raise ConnectionError(\"N/A\", str(e), e)\nelasticsearch.exceptions.ConnectionError: ConnectionError(<urllib3.connection.HTTPConnection object at 0x0000022E2931B770>: Failed to establish a new connection: [WinError 10061] No connection could be made because the target machine actively refused it) caused by: NewConnectionError(<urllib3.connection.HTTPConnection object at 0x0000022E2931B770>: Failed to establish a new connection: [WinError 10061] No connection could be made because the target machine actively refused it)\n"}
[2025-10-16 00:27:20,712] [INFO] [common] {"type": "request_end", "user": "Anonymous", "method": "POST", "path": "/users/signup/", "status_code": 500}
[2025-10-16 00:51:13,825] [INFO] [common] {"type": "request_start", "user": "Anonymous", "method": "POST", "path": "/users/signup/", "query_params": {}, "body": "<unreadable body>"}
[2025-10-16 00:51:13,865] [INFO] [common] {"type": "request_end", "user": "Anonymous", "method": "POST", "path": "/users/signup/", "status_code": 400}
[2025-10-16 00:51:16,894] [INFO] [common] {"type": "request_start", "user": "Anonymous", "method": "POST", "path": "/users/signup/", "query_params": {}, "body": "<unreadable body>"}
[2025-10-16 00:51:16,898] [INFO] [common] {"type": "request_end", "user": "Anonymous", "method": "POST", "path": "/users/signup/", "status_code": 400}
[2025-10-16 00:51:23,361] [INFO] [common] {"type": "request_start", "user": "Anonymous", "method": "POST", "path": "/users/signup/", "query_params": {}, "body": "<unreadable body>"}
[2025-10-16 00:51:23,791] [ERROR] [common] {"type": "exception", "user": "Anonymous", "method": "POST", "path": "/users/signup/", "query_params": {}, "body": "<unreadable body>", "exception": "ConnectionError(('Connection aborted.', RemoteDisconnected('Remote end closed connection without response'))) caused by: ProtocolError(('Connection aborted.', RemoteDisconnected('Remote end closed connection without response')))", "traceback": "Traceback (most recent call last):\n  File \"E:\\Python\\Lib\\site-packages\\urllib3\\connectionpool.py\", line 716, in urlopen\n    httplib_response = self._make_request(\n        conn,\n    ...<5 lines>...\n        chunked=chunked,\n    )\n  File \"E:\\Python\\Lib\\site-packages\\urllib3\\connectionpool.py\", line 468, in _make_request\n    six.raise_from(e, None)\n    ~~~~~~~~~~~~~~^^^^^^^^^\n  File \"<string>\", line 3, in raise_from\n  File \"E:\\Python\\Lib\\site-packages\\urllib3\\connectionpool.py\", line 463, in _make_request\n    httplib_response = conn.getresponse()\n  File \"E:\\Python\\Lib\\http\\client.py\", line 1430, in getresponse\n    response.begin()\n    ~~~~~~~~~~~~~~^^\n  File \"E:\\Python\\Lib\\http\\client.py\", line 331, in begin\n    version, status, reason = self._read_status()\n                              ~~~~~~~~~~~~~~~~~^^\n  File \"E:\\Python\\Lib\\http\\client.py\", line 300, in _read_status\n    raise RemoteDisconnected(\"Remote end closed connection without\"\n                             \" response\")\nhttp.client.RemoteDisconnected: Remote end closed connection without response\n\nDuring handling of the above exception, another exception occurred:\n\nTraceback (most recent call last):\n  File \"E:\\Python\\Lib\\site-packages\\elasticsearch\\connection\\http_urllib3.py\", line 255, in perform_request\n    response = self.pool.urlopen(\n        method, url, body, retries=Retry(False), headers=request_headers, **kw\n    )\n  File \"E:\\Python\\Lib\\site-packages\\urllib3\\connectionpool.py\", line 802, in urlopen\n    retries = retries.increment(\n        method, url, error=e, _pool=self, _stacktrace=sys.exc_info()[2]\n    )\n  File \"E:\\Python\\Lib\\site-packages\\urllib3\\util\\retry.py\", line 527, in increment\n    raise six.reraise(type(error), error, _stacktrace)\n          ~~~~~~~~~~~^^^^^^^^^^^^^^^^^^^^^^^^^^^^^^^^^\n  File \"E:\\Python\\Lib\\site-packages\\urllib3\\packages\\six.py\", line 769, in reraise\n    raise value.with_traceback(tb)\n  File \"E:\\Python\\Lib\\site-packages\\urllib3\\connectionpool.py\", line 716, in urlopen\n    httplib_response = self._make_request(\n        conn,\n    ...<5 lines>...\n        chunked=chunked,\n    )\n  File \"E:\\Python\\Lib\\site-packages\\urllib3\\connectionpool.py\", line 468, in _make_request\n    six.raise_from(e, None)\n    ~~~~~~~~~~~~~~^^^^^^^^^\n  File \"<string>\", line 3, in raise_from\n  File \"E:\\Python\\Lib\\site-packages\\urllib3\\connectionpool.py\", line 463, in _make_request\n    httplib_response = conn.getresponse()\n  File \"E:\\Python\\Lib\\http\\client.py\", line 1430, in getresponse\n    response.begin()\n    ~~~~~~~~~~~~~~^^\n  File \"E:\\Python\\Lib\\http\\client.py\", line 331, in begin\n    version, status, reason = self._read_status()\n                              ~~~~~~~~~~~~~~~~~^^\n  File \"E:\\Python\\Lib\\http\\client.py\", line 300, in _read_status\n    raise RemoteDisconnected(\"Remote end closed connection without\"\n                             \" response\")\nurllib3.exceptions.ProtocolError: ('Connection aborted.', RemoteDisconnected('Remote end closed connection without response'))\n\nDuring handling of the above exception, another exception occurred:\n\nTraceback (most recent call last):\n  File \"E:\\Python\\Lib\\site-packages\\django\\core\\handlers\\base.py\", line 197, in _get_response\n    response = wrapped_callback(request, *callback_args, **callback_kwargs)\n  File \"E:\\Python\\Lib\\site-packages\\django\\views\\decorators\\csrf.py\", line 65, in _view_wrapper\n    return view_func(request, *args, **kwargs)\n  File \"E:\\Python\\Lib\\site-packages\\django\\views\\generic\\base.py\", line 105, in view\n    return self.dispatch(request, *args, **kwargs)\n           ~~~~~~~~~~~~~^^^^^^^^^^^^^^^^^^^^^^^^^^\n  File \"E:\\Python\\Lib\\site-packages\\rest_framework\\views.py\", line 515, in dispatch\n    response = self.handle_exception(exc)\n  File \"E:\\Python\\Lib\\site-packages\\rest_framework\\views.py\", line 475, in handle_exception\n    self.raise_uncaught_exception(exc)\n    ~~~~~~~~~~~~~~~~~~~~~~~~~~~~~^^^^^\n  File \"E:\\Python\\Lib\\site-packages\\rest_framework\\views.py\", line 486, in raise_uncaught_exception\n    raise exc\n  File \"E:\\Python\\Lib\\site-packages\\rest_framework\\views.py\", line 512, in dispatch\n    response = handler(request, *args, **kwargs)\n  File \"E:\\Python\\Lib\\site-packages\\rest_framework\\generics.py\", line 194, in post\n    return self.create(request, *args, **kwargs)\n           ~~~~~~~~~~~^^^^^^^^^^^^^^^^^^^^^^^^^^\n  File \"E:\\Python\\Lib\\site-packages\\rest_framework\\mixins.py\", line 19, in create\n    self.perform_create(serializer)\n    ~~~~~~~~~~~~~~~~~~~^^^^^^^^^^^^\n  File \"E:\\2VAKIL\\AloVakil\\users\\views.py\", line 23, in perform_create\n    user = serializer.save()\n  File \"E:\\Python\\Lib\\site-packages\\rest_framework\\serializers.py\", line 210, in save\n    self.instance = self.create(validated_data)\n                    ~~~~~~~~~~~^^^^^^^^^^^^^^^^\n  File \"E:\\2VAKIL\\AloVakil\\users\\serializers.py\", line 18, in create\n    user = User.objects.create_user(\n        phone_number=validated_data['phone_number'],\n    ...<3 lines>...\n        is_active=False  # \u062a\u0627 \u062a\u0627\u06cc\u06cc\u062f OTP \u0641\u0639\u0627\u0644 \u0646\u0634\u0648\u062f\n    )\n  File \"E:\\2VAKIL\\AloVakil\\users\\models.py\", line 16, in create_user\n    user.save(using=self._db)\n    ~~~~~~~~~^^^^^^^^^^^^^^^^\n  File \"E:\\Python\\Lib\\site-packages\\django\\contrib\\auth\\base_user.py\", line 65, in save\n    super().save(*args, **kwargs)\n    ~~~~~~~~~~~~^^^^^^^^^^^^^^^^^\n  File \"E:\\Python\\Lib\\site-packages\\django\\db\\models\\base.py\", line 902, in save\n    self.save_base(\n    ~~~~~~~~~~~~~~^\n        using=using,\n        ^^^^^^^^^^^^\n    ...<2 lines>...\n        update_fields=update_fields,\n        ^^^^^^^^^^^^^^^^^^^^^^^^^^^^\n    )\n    ^\n  File \"E:\\Python\\Lib\\site-packages\\django\\db\\models\\base.py\", line 1023, in save_base\n    post_save.send(\n    ~~~~~~~~~~~~~~^\n        sender=origin,\n        ^^^^^^^^^^^^^^\n    ...<4 lines>...\n        using=using,\n        ^^^^^^^^^^^^\n    )\n    ^\n  File \"E:\\Python\\Lib\\site-packages\\django\\dispatch\\dispatcher.py\", line 189, in send\n    response = receiver(signal=self, sender=sender, **named)\n  File \"E:\\2VAKIL\\AloVakil\\users\\signals.py\", line 17, in update_user_document\n    doc.save()\n    ~~~~~~~~^^\n  File \"E:\\2VAKIL\\AloVakil\\users\\documents.py\", line 20, in save\n    return super().save(**kwargs)\n           ~~~~~~~~~~~~^^^^^^^^^^\n  File \"E:\\Python\\Lib\\site-packages\\elasticsearch_dsl\\document.py\", line 497, in save\n    meta = es.index(index=self._get_index(index), **params)\n  File \"E:\\Python\\Lib\\site-packages\\elasticsearch\\client\\utils.py\", line 347, in _wrapped\n    return func(*args, params=params, headers=headers, **kwargs)\n  File \"E:\\Python\\Lib\\site-packages\\elasticsearch\\client\\__init__.py\", line 413, in index\n    return self.transport.perform_request(\n           ~~~~~~~~~~~~~~~~~~~~~~~~~~~~~~^\n        \"POST\" if id in SKIP_IN_PATH else \"PUT\",\n        ^^^^^^^^^^^^^^^^^^^^^^^^^^^^^^^^^^^^^^^^\n    ...<3 lines>...\n        body=body,\n        ^^^^^^^^^^\n    )\n    ^\n  File \"E:\\Python\\Lib\\site-packages\\elasticsearch\\transport.py\", line 417, in perform_request\n    self._do_verify_elasticsearch(headers=headers, timeout=timeout)\n    ~~~~~~~~~~~~~~~~~~~~~~~~~~~~~^^^^^^^^^^^^^^^^^^^^^^^^^^^^^^^^^^\n  File \"E:\\Python\\Lib\\site-packages\\elasticsearch\\transport.py\", line 606, in _do_verify_elasticsearch\n    raise error\n  File \"E:\\Python\\Lib\\site-packages\\elasticsearch\\transport.py\", line 569, in _do_verify_elasticsearch\n    _, info_headers, info_response = conn.perform_request(\n                                     ~~~~~~~~~~~~~~~~~~~~^\n        \"GET\", \"/\", headers=headers, timeout=timeout\n        ^^^^^^^^^^^^^^^^^^^^^^^^^^^^^^^^^^^^^^^^^^^^\n    )\n    ^\n  File \"E:\\Python\\Lib\\site-packages\\elasticsearch\\connection\\http_urllib3.py\", line 280, in perform_request\n    raise ConnectionError(\"N/A\", str(e), e)\nelasticsearch.exceptions.ConnectionError: ConnectionError(('Connection aborted.', RemoteDisconnected('Remote end closed connection without response'))) caused by: ProtocolError(('Connection aborted.', RemoteDisconnected('Remote end closed connection without response')))\n"}
[2025-10-16 00:51:23,846] [INFO] [common] {"type": "request_end", "user": "Anonymous", "method": "POST", "path": "/users/signup/", "status_code": 500}
[2025-10-16 00:55:20,092] [INFO] [common] {"type": "request_start", "user": "Anonymous", "method": "POST", "path": "/users/signup/", "query_params": {}, "body": "<unreadable body>"}
[2025-10-16 00:55:20,131] [INFO] [common] {"type": "request_end", "user": "Anonymous", "method": "POST", "path": "/users/signup/", "status_code": 400}
[2025-10-16 00:55:33,596] [INFO] [common] {"type": "request_start", "user": "Anonymous", "method": "GET", "path": "/users/login/", "query_params": {}, "body": {}}
[2025-10-16 00:55:33,599] [INFO] [common] {"type": "request_end", "user": "Anonymous", "method": "GET", "path": "/users/login/", "status_code": 405}
[2025-10-16 12:07:15,762] [INFO] [common] {"type": "request_start", "user": "Anonymous", "method": "GET", "path": "/", "query_params": {}, "body": {}}
[2025-10-16 12:07:15,780] [INFO] [common] {"type": "request_end", "user": "Anonymous", "method": "GET", "path": "/", "status_code": 404}
[2025-10-16 12:07:15,906] [INFO] [common] {"type": "request_start", "user": "Anonymous", "method": "GET", "path": "/favicon.ico", "query_params": {}, "body": {}}
[2025-10-16 12:07:15,909] [INFO] [common] {"type": "request_end", "user": "Anonymous", "method": "GET", "path": "/favicon.ico", "status_code": 404}
[2025-10-16 12:10:02,870] [INFO] [common] {"type": "request_start", "user": "Anonymous", "method": "GET", "path": "/users/", "query_params": {}, "body": {}}
[2025-10-16 12:10:02,873] [INFO] [common] {"type": "request_end", "user": "Anonymous", "method": "GET", "path": "/users/", "status_code": 404}
[2025-10-16 12:10:12,532] [INFO] [common] {"type": "request_start", "user": "Anonymous", "method": "GET", "path": "/users/signup/", "query_params": {}, "body": {}}
[2025-10-16 12:10:12,642] [INFO] [common] {"type": "request_end", "user": "Anonymous", "method": "GET", "path": "/users/signup/", "status_code": 405}
[2025-10-16 12:10:34,956] [INFO] [common] {"type": "request_start", "user": "Anonymous", "method": "POST", "path": "/users/signup/", "query_params": {}, "body": "<unreadable body>"}
[2025-10-16 12:10:35,401] [ERROR] [common] {"type": "exception", "user": "Anonymous", "method": "POST", "path": "/users/signup/", "query_params": {}, "body": "<unreadable body>", "exception": "UserDocument() takes no arguments", "traceback": "Traceback (most recent call last):\n  File \"E:\\Python\\Lib\\site-packages\\django\\core\\handlers\\base.py\", line 197, in _get_response\n    response = wrapped_callback(request, *callback_args, **callback_kwargs)\n  File \"E:\\Python\\Lib\\site-packages\\django\\views\\decorators\\csrf.py\", line 65, in _view_wrapper\n    return view_func(request, *args, **kwargs)\n  File \"E:\\Python\\Lib\\site-packages\\django\\views\\generic\\base.py\", line 105, in view\n    return self.dispatch(request, *args, **kwargs)\n           ~~~~~~~~~~~~~^^^^^^^^^^^^^^^^^^^^^^^^^^\n  File \"E:\\Python\\Lib\\site-packages\\rest_framework\\views.py\", line 515, in dispatch\n    response = self.handle_exception(exc)\n  File \"E:\\Python\\Lib\\site-packages\\rest_framework\\views.py\", line 475, in handle_exception\n    self.raise_uncaught_exception(exc)\n    ~~~~~~~~~~~~~~~~~~~~~~~~~~~~~^^^^^\n  File \"E:\\Python\\Lib\\site-packages\\rest_framework\\views.py\", line 486, in raise_uncaught_exception\n    raise exc\n  File \"E:\\Python\\Lib\\site-packages\\rest_framework\\views.py\", line 512, in dispatch\n    response = handler(request, *args, **kwargs)\n  File \"E:\\Python\\Lib\\site-packages\\rest_framework\\generics.py\", line 194, in post\n    return self.create(request, *args, **kwargs)\n           ~~~~~~~~~~~^^^^^^^^^^^^^^^^^^^^^^^^^^\n  File \"E:\\2VAKIL\\AloVakil\\users\\views.py\", line 37, in create\n    self.perform_create(serializer)\n    ~~~~~~~~~~~~~~~~~~~^^^^^^^^^^^^\n  File \"E:\\2VAKIL\\AloVakil\\users\\views.py\", line 28, in perform_create\n    user = serializer.save(is_active=True)\n  File \"E:\\Python\\Lib\\site-packages\\rest_framework\\serializers.py\", line 210, in save\n    self.instance = self.create(validated_data)\n                    ~~~~~~~~~~~^^^^^^^^^^^^^^^^\n  File \"E:\\2VAKIL\\AloVakil\\users\\serializers.py\", line 18, in create\n    user = User.objects.create_user(\n        phone_number=validated_data['phone_number'],\n    ...<3 lines>...\n        is_active=False  # \u062a\u0627 \u062a\u0627\u06cc\u06cc\u062f OTP \u0641\u0639\u0627\u0644 \u0646\u0634\u0648\u062f\n    )\n  File \"E:\\2VAKIL\\AloVakil\\users\\models.py\", line 16, in create_user\n    user.save(using=self._db)\n    ~~~~~~~~~^^^^^^^^^^^^^^^^\n  File \"E:\\Python\\Lib\\site-packages\\django\\contrib\\auth\\base_user.py\", line 65, in save\n    super().save(*args, **kwargs)\n    ~~~~~~~~~~~~^^^^^^^^^^^^^^^^^\n  File \"E:\\Python\\Lib\\site-packages\\django\\db\\models\\base.py\", line 902, in save\n    self.save_base(\n    ~~~~~~~~~~~~~~^\n        using=using,\n        ^^^^^^^^^^^^\n    ...<2 lines>...\n        update_fields=update_fields,\n        ^^^^^^^^^^^^^^^^^^^^^^^^^^^^\n    )\n    ^\n  File \"E:\\Python\\Lib\\site-packages\\django\\db\\models\\base.py\", line 1023, in save_base\n    post_save.send(\n    ~~~~~~~~~~~~~~^\n        sender=origin,\n        ^^^^^^^^^^^^^^\n    ...<4 lines>...\n        using=using,\n        ^^^^^^^^^^^^\n    )\n    ^\n  File \"E:\\Python\\Lib\\site-packages\\django\\dispatch\\dispatcher.py\", line 189, in send\n    response = receiver(signal=self, sender=sender, **named)\n  File \"E:\\2VAKIL\\AloVakil\\users\\signals.py\", line 10, in update_user_document\n    doc = UserDocument(\n        meta={'id': instance.id},\n    ...<3 lines>...\n        full_name=f\"{instance.first_name or ''} {instance.last_name or ''}\"\n    )\nTypeError: UserDocument() takes no arguments\n"}
[2025-10-16 12:10:35,554] [INFO] [common] {"type": "request_end", "user": "Anonymous", "method": "POST", "path": "/users/signup/", "status_code": 500}
[2025-10-16 12:11:23,163] [INFO] [common] {"type": "request_start", "user": "Anonymous", "method": "POST", "path": "/users/signup/", "query_params": {}, "body": "<unreadable body>"}
[2025-10-16 12:11:23,196] [INFO] [common] {"type": "request_end", "user": "Anonymous", "method": "POST", "path": "/users/signup/", "status_code": 400}
[2025-10-16 12:11:31,159] [INFO] [common] {"type": "request_start", "user": "Anonymous", "method": "POST", "path": "/users/signup/", "query_params": {}, "body": "<unreadable body>"}
[2025-10-16 12:11:31,552] [INFO] [common] {"type": "request_end", "user": "Anonymous", "method": "POST", "path": "/users/signup/", "status_code": 201}
[2025-10-16 12:13:11,278] [INFO] [common] {"type": "request_start", "user": "Anonymous", "method": "GET", "path": "/users/signup/", "query_params": {}, "body": {}}
[2025-10-16 12:13:11,282] [INFO] [common] {"type": "request_end", "user": "Anonymous", "method": "GET", "path": "/users/signup/", "status_code": 405}
[2025-10-16 12:13:18,910] [INFO] [common] {"type": "request_start", "user": "Anonymous", "method": "GET", "path": "/users/login/", "query_params": {}, "body": {}}
[2025-10-16 12:13:18,913] [INFO] [common] {"type": "request_end", "user": "Anonymous", "method": "GET", "path": "/users/login/", "status_code": 405}
[2025-10-16 12:13:44,953] [INFO] [common] {"type": "request_start", "user": "Anonymous", "method": "POST", "path": "/users/login/", "query_params": {}, "body": "<unreadable body>"}
[2025-10-16 12:13:45,340] [INFO] [common] {"type": "request_end", "user": "Anonymous", "method": "POST", "path": "/users/login/", "status_code": 401}
[2025-10-16 12:14:02,768] [INFO] [common] {"type": "request_start", "user": "Anonymous", "method": "POST", "path": "/users/login/", "query_params": {}, "body": "<unreadable body>"}
[2025-10-16 12:14:03,185] [INFO] [common] {"type": "request_end", "user": "Anonymous", "method": "POST", "path": "/users/login/", "status_code": 200}
[2025-10-16 12:15:40,514] [INFO] [common] {"type": "request_start", "user": "Anonymous", "method": "POST", "path": "/users/login/", "query_params": {}, "body": "<unreadable body>"}
[2025-10-16 12:15:40,903] [INFO] [common] {"type": "request_end", "user": "Anonymous", "method": "POST", "path": "/users/login/", "status_code": 401}
[2025-10-16 12:15:50,469] [INFO] [common] {"type": "request_start", "user": "Anonymous", "method": "GET", "path": "/users/login/", "query_params": {}, "body": {}}
[2025-10-16 12:15:50,472] [INFO] [common] {"type": "request_end", "user": "Anonymous", "method": "GET", "path": "/users/login/", "status_code": 405}
[2025-10-16 12:16:01,438] [INFO] [common] {"type": "request_start", "user": "Anonymous", "method": "GET", "path": "/users/logout/", "query_params": {}, "body": {}}
[2025-10-16 12:16:01,441] [INFO] [common] {"type": "request_end", "user": "Anonymous", "method": "GET", "path": "/users/logout/", "status_code": 405}
[2025-10-16 12:16:08,889] [INFO] [common] {"type": "request_start", "user": "Anonymous", "method": "POST", "path": "/users/logout/", "query_params": {}, "body": "<unreadable body>"}
[2025-10-16 12:16:08,892] [INFO] [common] {"type": "request_end", "user": "Anonymous", "method": "POST", "path": "/users/logout/", "status_code": 400}
[2025-10-16 12:16:22,215] [INFO] [common] {"type": "request_start", "user": "Anonymous", "method": "GET", "path": "/users/client-profile/", "query_params": {}, "body": {}}
[2025-10-16 12:16:22,221] [INFO] [common] {"type": "request_end", "user": "Anonymous", "method": "GET", "path": "/users/client-profile/", "status_code": 200}
[2025-10-16 12:16:49,509] [INFO] [common] {"type": "request_start", "user": "Anonymous", "method": "GET", "path": "/users/lawyer-profile/", "query_params": {}, "body": {}}
[2025-10-16 12:16:49,530] [INFO] [common] {"type": "request_end", "user": "Anonymous", "method": "GET", "path": "/users/lawyer-profile/", "status_code": 200}
[2025-10-16 12:17:05,697] [INFO] [common] {"type": "request_start", "user": "Anonymous", "method": "GET", "path": "/users/change-password/", "query_params": {}, "body": {}}
[2025-10-16 12:17:05,700] [INFO] [common] {"type": "request_end", "user": "Anonymous", "method": "GET", "path": "/users/change-password/", "status_code": 405}
[2025-10-16 12:17:18,820] [INFO] [common] {"type": "request_start", "user": "Anonymous", "method": "PUT", "path": "/users/change-password/", "query_params": {}, "body": "<unreadable body>"}
[2025-10-16 12:17:19,597] [INFO] [common] {"type": "request_end", "user": "Anonymous", "method": "PUT", "path": "/users/change-password/", "status_code": 200}
[2025-10-16 12:17:45,167] [INFO] [common] {"type": "request_start", "user": "Anonymous", "method": "GET", "path": "/users/lawyers/", "query_params": {}, "body": {}}
[2025-10-16 12:17:45,174] [INFO] [common] {"type": "request_end", "user": "Anonymous", "method": "GET", "path": "/users/lawyers/", "status_code": 200}
[2025-10-16 12:17:50,905] [INFO] [common] {"type": "request_start", "user": "Anonymous", "method": "GET", "path": "/users/", "query_params": {}, "body": {}}
[2025-10-16 12:17:50,909] [INFO] [common] {"type": "request_end", "user": "Anonymous", "method": "GET", "path": "/users/", "status_code": 404}
